Using pre-set license

 COMMAND LINE ARGUMENTS:
/Applications/Unity/Hub/Editor/2020.3.6f1/Unity.app/Contents/MacOS/Unity
-adb2
-batchMode
-noUpm
-name
AssetImportWorker0
-projectPath
/Users/mikescomputer/Desktop/GitHubs/Gauntlet/Gauntlet
-logFile
Logs/AssetImportWorker0.log
-srvPort
64986
Successfully changed project path to: /Users/mikescomputer/Desktop/GitHubs/Gauntlet/Gauntlet
/Users/mikescomputer/Desktop/GitHubs/Gauntlet/Gauntlet
Using Asset Import Pipeline V2.
Refreshing native plugins compatible for Editor in 68.51 ms, found 1 plugins.
Preloading 0 native plugins for Editor in 0.00 ms.
Initialize engine version: 2020.3.6f1 (338bb68529b2)
[Subsystems] Discovering subsystems at path /Applications/Unity/Hub/Editor/2020.3.6f1/Unity.app/Contents/Resources/UnitySubsystems
[Subsystems] Discovering subsystems at path /Users/mikescomputer/Desktop/GitHubs/Gauntlet/Gauntlet/Assets
GfxDevice: creating device client; threaded=0
2021-06-10 12:23:16.242 Unity[77316:17120471] Color LCD preferred device: Intel(R) Iris(TM) Graphics 6000 (low power)
2021-06-10 12:23:16.242 Unity[77316:17120471] Metal devices available: 1
2021-06-10 12:23:16.242 Unity[77316:17120471] 0: Intel(R) Iris(TM) Graphics 6000 (low power)
2021-06-10 12:23:16.242 Unity[77316:17120471] Using device Intel(R) Iris(TM) Graphics 6000 (low power)
Initializing Metal device caps: Intel(R) Iris(TM) Graphics 6000
Initialize mono
Mono path[0] = '/Applications/Unity/Hub/Editor/2020.3.6f1/Unity.app/Contents/Managed'
Mono path[1] = '/Applications/Unity/Hub/Editor/2020.3.6f1/Unity.app/Contents/MonoBleedingEdge/lib/mono/unityjit'
Mono config path = '/Applications/Unity/Hub/Editor/2020.3.6f1/Unity.app/Contents/MonoBleedingEdge/etc'
Using monoOptions --debugger-agent=transport=dt_socket,embedding=1,server=y,suspend=n,address=127.0.0.1:56316
Begin MonoManager ReloadAssembly
Registering precompiled unity dll's ...
Register platform support module: /Applications/Unity/Hub/Editor/2020.3.6f1/PlaybackEngines/WebGLSupport/UnityEditor.WebGL.Extensions.dll
Register platform support module: /Applications/Unity/Hub/Editor/2020.3.6f1/Unity.app/Contents/PlaybackEngines/MacStandaloneSupport/UnityEditor.OSXStandalone.Extensions.dll
Register platform support module: /Applications/Unity/Hub/Editor/2020.3.6f1/PlaybackEngines/WindowsStandaloneSupport/UnityEditor.WindowsStandalone.Extensions.dll
Register platform support module: /Applications/Unity/Hub/Editor/2020.3.6f1/PlaybackEngines/LinuxStandaloneSupport/UnityEditor.LinuxStandalone.Extensions.dll
Register platform support module: /Applications/Unity/Hub/Editor/2020.3.6f1/PlaybackEngines/LuminSupport/UnityEditor.Lumin.Extensions.dll
Registered in 0.007792 seconds.
Native extension for Lumin target not found
Native extension for LinuxStandalone target not found
Native extension for WindowsStandalone target not found
Native extension for OSXStandalone target not found
Native extension for WebGL target not found
Refreshing native plugins compatible for Editor in 43.72 ms, found 1 plugins.
Preloading 0 native plugins for Editor in 0.00 ms.
Mono: successfully reloaded assembly
- Completed reload, in  7.765 seconds
Platform modules already initialized, skipping
Registering precompiled user dll's ...
Registered in 0.002237 seconds.
Begin MonoManager ReloadAssembly
Native extension for Lumin target not found
Native extension for LinuxStandalone target not found
Native extension for WindowsStandalone target not found
Native extension for OSXStandalone target not found
Native extension for WebGL target not found
Refreshing native plugins compatible for Editor in 47.81 ms, found 1 plugins.
Preloading 0 native plugins for Editor in 0.00 ms.
Mono: successfully reloaded assembly
- Completed reload, in  1.818 seconds
Platform modules already initialized, skipping
========================================================================
Worker process is ready to serve import requests
Launching external process: /Applications/Unity/Hub/Editor/2020.3.6f1/Unity.app/Contents/Tools/UnityShaderCompiler
Launched and connected shader compiler UnityShaderCompiler after 0.02 seconds
Refreshing native plugins compatible for Editor in 0.56 ms, found 1 plugins.
Preloading 0 native plugins for Editor in 0.00 ms.
Unloading 1420 Unused Serialized files (Serialized files now loaded: 0)
System memory in use before: 127.8 MB.
System memory in use after: 127.8 MB.

Unloading 12 unused Assets to reduce memory usage. Loaded Objects now: 1866.
Total: 3.830276 ms (FindLiveObjects: 0.434835 ms CreateObjectMapping: 0.132771 ms MarkObjects: 3.116203 ms  DeleteObjects: 0.144414 ms)

========================================================================
Received Import Request.
  path: Assets/Player.inputactions
  artifactKey: Guid(bcd00a9c157624aeb845a2b37cbf89ad) Importer(815301076,1909f56bfc062723c751e8b465ee728b)
Start importing Assets/Player.inputactions using Guid(bcd00a9c157624aeb845a2b37cbf89ad) Importer(815301076,1909f56bfc062723c751e8b465ee728b)  -> (artifact id: 'b6678ea33ccfd01e3c1a7cbfc87e0d8a') in 1.907413 seconds
  Import took 1.915199 seconds .

========================================================================
Received Import Request.
  Time since last request: 0.000560 seconds.
  path: Assets/PlayerObjectV5.prefab
  artifactKey: Guid(60c40e23ecb8f4522a95f68c9602a3a7) Importer(815301076,1909f56bfc062723c751e8b465ee728b)
Start importing Assets/PlayerObjectV5.prefab using Guid(60c40e23ecb8f4522a95f68c9602a3a7) Importer(815301076,1909f56bfc062723c751e8b465ee728b)  -> (artifact id: '7f37a12dad656df488b873f1308762cd') in 0.694120 seconds
  Import took 0.698187 seconds .

========================================================================
Received Import Request.
  Time since last request: 127.976531 seconds.
  path: ProjectSettings/TagManager.asset
  artifactKey: Guid(00000000000000003000000000000000) Importer(815301076,1909f56bfc062723c751e8b465ee728b)
Start importing ProjectSettings/TagManager.asset using Guid(00000000000000003000000000000000) Importer(815301076,1909f56bfc062723c751e8b465ee728b)  -> (artifact id: '3754495d7a100f7aa038f7724e9b89eb') in 0.226900 seconds
  Import took 0.234096 seconds .

========================================================================
Received Prepare
Registering precompiled user dll's ...
Registered in 0.000812 seconds.
Begin MonoManager ReloadAssembly
Native extension for Lumin target not found
Native extension for LinuxStandalone target not found
Native extension for WindowsStandalone target not found
Native extension for OSXStandalone target not found
Native extension for WebGL target not found
Refreshing native plugins compatible for Editor in 0.30 ms, found 1 plugins.
Preloading 0 native plugins for Editor in 0.00 ms.
Mono: successfully reloaded assembly
- Completed reload, in  1.392 seconds
Platform modules already initialized, skipping
Refreshing native plugins compatible for Editor in 0.51 ms, found 1 plugins.
Preloading 0 native plugins for Editor in 0.00 ms.
Unloading 1415 Unused Serialized files (Serialized files now loaded: 0)
System memory in use before: 158.2 MB.
System memory in use after: 158.2 MB.

Unloading 7 unused Assets to reduce memory usage. Loaded Objects now: 1878.
Total: 3.279367 ms (FindLiveObjects: 0.431325 ms CreateObjectMapping: 0.102166 ms MarkObjects: 2.643066 ms  DeleteObjects: 0.100727 ms)

========================================================================
Received Import Request.
  Time since last request: 23.463627 seconds.
  path: Assets/PlayerObjectV5.prefab
  artifactKey: Guid(60c40e23ecb8f4522a95f68c9602a3a7) Importer(815301076,1909f56bfc062723c751e8b465ee728b)
Start importing Assets/PlayerObjectV5.prefab using Guid(60c40e23ecb8f4522a95f68c9602a3a7) Importer(815301076,1909f56bfc062723c751e8b465ee728b)  -> (artifact id: 'e06b38a6d9dcbec45ef5876a32d3db37') in 0.138398 seconds
  Import took 0.144160 seconds .

========================================================================
Received Import Request.
  Time since last request: 348.162402 seconds.
  path: Assets/ShieldScript.cs
  artifactKey: Guid(c5cd17e361bfd4e7b9a817881e2081dd) Importer(815301076,1909f56bfc062723c751e8b465ee728b)
Start importing Assets/ShieldScript.cs using Guid(c5cd17e361bfd4e7b9a817881e2081dd) Importer(815301076,1909f56bfc062723c751e8b465ee728b)  -> (artifact id: '458885c5a08f4aae40e19f005b9d9518') in 4.919267 seconds
  Import took 4.955298 seconds .

========================================================================
Received Prepare
Registering precompiled user dll's ...
Registered in 0.001163 seconds.
Begin MonoManager ReloadAssembly
Native extension for Lumin target not found
Native extension for LinuxStandalone target not found
Native extension for WindowsStandalone target not found
Native extension for OSXStandalone target not found
Native extension for WebGL target not found
Refreshing native plugins compatible for Editor in 0.31 ms, found 1 plugins.
Preloading 0 native plugins for Editor in 0.00 ms.
Mono: successfully reloaded assembly
- Completed reload, in  1.657 seconds
Platform modules already initialized, skipping
Refreshing native plugins compatible for Editor in 0.34 ms, found 1 plugins.
Preloading 0 native plugins for Editor in 0.00 ms.
Unloading 1416 Unused Serialized files (Serialized files now loaded: 0)
System memory in use before: 162.8 MB.
System memory in use after: 162.9 MB.

Unloading 6 unused Assets to reduce memory usage. Loaded Objects now: 1883.
Total: 3.879916 ms (FindLiveObjects: 0.461562 ms CreateObjectMapping: 0.090445 ms MarkObjects: 3.185037 ms  DeleteObjects: 0.140548 ms)

========================================================================
Received Import Request.
  Time since last request: 345.970828 seconds.
  path: Assets/ShieldScript.cs
  artifactKey: Guid(c5cd17e361bfd4e7b9a817881e2081dd) Importer(815301076,1909f56bfc062723c751e8b465ee728b)
Start importing Assets/ShieldScript.cs using Guid(c5cd17e361bfd4e7b9a817881e2081dd) Importer(815301076,1909f56bfc062723c751e8b465ee728b)  -> (artifact id: '6bb3f93aa1c3461b8f9e03f81374603b') in 0.019271 seconds
  Import took 0.030347 seconds .

========================================================================
Received Import Request.
  Time since last request: 0.203085 seconds.
  path: Assets/ShieldScript.cs
  artifactKey: Guid(c5cd17e361bfd4e7b9a817881e2081dd) Importer(815301076,1909f56bfc062723c751e8b465ee728b)
Start importing Assets/ShieldScript.cs using Guid(c5cd17e361bfd4e7b9a817881e2081dd) Importer(815301076,1909f56bfc062723c751e8b465ee728b)  -> (artifact id: '6bb3f93aa1c3461b8f9e03f81374603b') in 0.003910 seconds
  Import took 0.010104 seconds .

========================================================================
Received Prepare
Registering precompiled user dll's ...
Registered in 0.000563 seconds.
Begin MonoManager ReloadAssembly
Native extension for Lumin target not found
Native extension for LinuxStandalone target not found
Native extension for WindowsStandalone target not found
Native extension for OSXStandalone target not found
Native extension for WebGL target not found
Refreshing native plugins compatible for Editor in 0.30 ms, found 1 plugins.
Preloading 0 native plugins for Editor in 0.00 ms.
Mono: successfully reloaded assembly
- Completed reload, in  1.304 seconds
Platform modules already initialized, skipping
Refreshing native plugins compatible for Editor in 0.57 ms, found 1 plugins.
Preloading 0 native plugins for Editor in 0.00 ms.
Unloading 1416 Unused Serialized files (Serialized files now loaded: 0)
System memory in use before: 163.0 MB.
System memory in use after: 163.1 MB.

Unloading 5 unused Assets to reduce memory usage. Loaded Objects now: 1886.
Total: 3.984038 ms (FindLiveObjects: 0.386620 ms CreateObjectMapping: 0.099438 ms MarkObjects: 3.367136 ms  DeleteObjects: 0.127819 ms)

========================================================================
Received Import Request.
  Time since last request: 6.522161 seconds.
  path: Assets/PlayerObjectV4.prefab
  artifactKey: Guid(9d2ce56d684c7418998bf8ecbd6af474) Importer(815301076,1909f56bfc062723c751e8b465ee728b)
Start importing Assets/PlayerObjectV4.prefab using Guid(9d2ce56d684c7418998bf8ecbd6af474) Importer(815301076,1909f56bfc062723c751e8b465ee728b)  -> (artifact id: '139e1c55a9fb2d454957c60f5afc9860') in 0.141451 seconds
  Import took 0.148875 seconds .

========================================================================
Received Import Request.
  Time since last request: 0.000452 seconds.
  path: Assets/PlayerObjectV5.prefab
  artifactKey: Guid(60c40e23ecb8f4522a95f68c9602a3a7) Importer(815301076,1909f56bfc062723c751e8b465ee728b)
Start importing Assets/PlayerObjectV5.prefab using Guid(60c40e23ecb8f4522a95f68c9602a3a7) Importer(815301076,1909f56bfc062723c751e8b465ee728b)  -> (artifact id: 'b33785a09529212a5a77f6d2fe7e4e2b') in 0.027218 seconds
  Import took 0.033489 seconds .

========================================================================
Received Prepare
Registering precompiled user dll's ...
Registered in 0.002304 seconds.
Begin MonoManager ReloadAssembly
Native extension for Lumin target not found
Native extension for LinuxStandalone target not found
Native extension for WindowsStandalone target not found
Native extension for OSXStandalone target not found
Native extension for WebGL target not found
Refreshing native plugins compatible for Editor in 0.29 ms, found 1 plugins.
Preloading 0 native plugins for Editor in 0.00 ms.
Mono: successfully reloaded assembly
- Completed reload, in  1.360 seconds
Platform modules already initialized, skipping
Refreshing native plugins compatible for Editor in 0.34 ms, found 1 plugins.
Preloading 0 native plugins for Editor in 0.00 ms.
Unloading 1416 Unused Serialized files (Serialized files now loaded: 0)
System memory in use before: 163.3 MB.
System memory in use after: 163.4 MB.

Unloading 6 unused Assets to reduce memory usage. Loaded Objects now: 1890.
Total: 2.285947 ms (FindLiveObjects: 0.290265 ms CreateObjectMapping: 0.077143 ms MarkObjects: 1.844109 ms  DeleteObjects: 0.072778 ms)

========================================================================
Received Import Request.
  Time since last request: 867.337864 seconds.
  path: Assets/PlayerObjectV5.prefab
  artifactKey: Guid(60c40e23ecb8f4522a95f68c9602a3a7) Importer(815301076,1909f56bfc062723c751e8b465ee728b)
Start importing Assets/PlayerObjectV5.prefab using Guid(60c40e23ecb8f4522a95f68c9602a3a7) Importer(815301076,1909f56bfc062723c751e8b465ee728b)  -> (artifact id: 'da81e5f16ef01b9a7f12a1c16667b308') in 0.135339 seconds
  Import took 0.149500 seconds .

========================================================================
Received Import Request.
  Time since last request: 2.019367 seconds.
  path: Assets/PlayerObjectV5.prefab
  artifactKey: Guid(60c40e23ecb8f4522a95f68c9602a3a7) Importer(815301076,1909f56bfc062723c751e8b465ee728b)
Start importing Assets/PlayerObjectV5.prefab using Guid(60c40e23ecb8f4522a95f68c9602a3a7) Importer(815301076,1909f56bfc062723c751e8b465ee728b)  -> (artifact id: 'da81e5f16ef01b9a7f12a1c16667b308') in 0.020583 seconds
  Import took 0.024081 seconds .

========================================================================
Received Prepare
Registering precompiled user dll's ...
Registered in 0.001875 seconds.
Begin MonoManager ReloadAssembly
Native extension for Lumin target not found
Native extension for LinuxStandalone target not found
Native extension for WindowsStandalone target not found
Native extension for OSXStandalone target not found
Native extension for WebGL target not found
Refreshing native plugins compatible for Editor in 0.36 ms, found 1 plugins.
Preloading 0 native plugins for Editor in 0.00 ms.
Mono: successfully reloaded assembly
- Completed reload, in  1.339 seconds
Platform modules already initialized, skipping
Refreshing native plugins compatible for Editor in 0.44 ms, found 1 plugins.
Preloading 0 native plugins for Editor in 0.00 ms.
Unloading 1416 Unused Serialized files (Serialized files now loaded: 0)
System memory in use before: 163.6 MB.
System memory in use after: 163.7 MB.

Unloading 6 unused Assets to reduce memory usage. Loaded Objects now: 1894.
Total: 2.592934 ms (FindLiveObjects: 0.261262 ms CreateObjectMapping: 0.073322 ms MarkObjects: 2.182463 ms  DeleteObjects: 0.072509 ms)

========================================================================
Received Import Request.
  Time since last request: 68.029126 seconds.
  path: Assets/Cube.inputactions
  artifactKey: Guid(06e2ecbdb5179422ea331321e044d4e0) Importer(815301076,1909f56bfc062723c751e8b465ee728b)
Start importing Assets/Cube.inputactions using Guid(06e2ecbdb5179422ea331321e044d4e0) Importer(815301076,1909f56bfc062723c751e8b465ee728b)  -> (artifact id: 'bfc64d492e9b5f18485554826b9b037a') in 0.038996 seconds
  Import took 0.044033 seconds .

========================================================================
Received Prepare
Registering precompiled user dll's ...
Registered in 0.001919 seconds.
Begin MonoManager ReloadAssembly
Native extension for Lumin target not found
Native extension for LinuxStandalone target not found
Native extension for WindowsStandalone target not found
Native extension for OSXStandalone target not found
Native extension for WebGL target not found
Refreshing native plugins compatible for Editor in 0.35 ms, found 1 plugins.
Preloading 0 native plugins for Editor in 0.00 ms.
Mono: successfully reloaded assembly
- Completed reload, in  1.942 seconds
Platform modules already initialized, skipping
Refreshing native plugins compatible for Editor in 0.36 ms, found 1 plugins.
Preloading 0 native plugins for Editor in 0.00 ms.
Unloading 1416 Unused Serialized files (Serialized files now loaded: 0)
System memory in use before: 163.8 MB.
System memory in use after: 163.9 MB.

Unloading 5 unused Assets to reduce memory usage. Loaded Objects now: 1897.
Total: 2.161204 ms (FindLiveObjects: 0.235220 ms CreateObjectMapping: 0.049768 ms MarkObjects: 1.799986 ms  DeleteObjects: 0.073414 ms)

========================================================================
Received Prepare
Registering precompiled user dll's ...
Registered in 0.000901 seconds.
Begin MonoManager ReloadAssembly
Native extension for Lumin target not found
Native extension for LinuxStandalone target not found
Native extension for WindowsStandalone target not found
Native extension for OSXStandalone target not found
Native extension for WebGL target not found
Refreshing native plugins compatible for Editor in 0.68 ms, found 1 plugins.
Preloading 0 native plugins for Editor in 0.00 ms.
Mono: successfully reloaded assembly
- Completed reload, in  1.864 seconds
Platform modules already initialized, skipping
Refreshing native plugins compatible for Editor in 0.31 ms, found 1 plugins.
Preloading 0 native plugins for Editor in 0.00 ms.
Unloading 1416 Unused Serialized files (Serialized files now loaded: 0)
System memory in use before: 164.1 MB.
System memory in use after: 164.1 MB.

Unloading 5 unused Assets to reduce memory usage. Loaded Objects now: 1900.
Total: 1.920294 ms (FindLiveObjects: 0.223952 ms CreateObjectMapping: 0.042633 ms MarkObjects: 1.581547 ms  DeleteObjects: 0.070542 ms)

========================================================================
Received Prepare
Registering precompiled user dll's ...
Registered in 0.000630 seconds.
Begin MonoManager ReloadAssembly
Native extension for Lumin target not found
Native extension for LinuxStandalone target not found
Native extension for WindowsStandalone target not found
Native extension for OSXStandalone target not found
Native extension for WebGL target not found
Refreshing native plugins compatible for Editor in 0.32 ms, found 1 plugins.
Preloading 0 native plugins for Editor in 0.00 ms.
Mono: successfully reloaded assembly
- Completed reload, in  1.989 seconds
Platform modules already initialized, skipping
Refreshing native plugins compatible for Editor in 0.51 ms, found 1 plugins.
Preloading 0 native plugins for Editor in 0.00 ms.
Unloading 1416 Unused Serialized files (Serialized files now loaded: 0)
System memory in use before: 164.3 MB.
System memory in use after: 164.3 MB.

Unloading 5 unused Assets to reduce memory usage. Loaded Objects now: 1903.
Total: 3.340778 ms (FindLiveObjects: 0.309873 ms CreateObjectMapping: 0.070690 ms MarkObjects: 2.864887 ms  DeleteObjects: 0.093201 ms)

========================================================================
Received Prepare
Registering precompiled user dll's ...
Registered in 0.000536 seconds.
Begin MonoManager ReloadAssembly
Native extension for Lumin target not found
Native extension for LinuxStandalone target not found
Native extension for WindowsStandalone target not found
Native extension for OSXStandalone target not found
Native extension for WebGL target not found
Refreshing native plugins compatible for Editor in 0.38 ms, found 1 plugins.
Preloading 0 native plugins for Editor in 0.00 ms.
Mono: successfully reloaded assembly
- Completed reload, in  1.286 seconds
Platform modules already initialized, skipping
Refreshing native plugins compatible for Editor in 0.32 ms, found 1 plugins.
Preloading 0 native plugins for Editor in 0.00 ms.
Unloading 1416 Unused Serialized files (Serialized files now loaded: 0)
System memory in use before: 164.5 MB.
System memory in use after: 164.5 MB.

Unloading 5 unused Assets to reduce memory usage. Loaded Objects now: 1906.
Total: 2.548515 ms (FindLiveObjects: 0.281559 ms CreateObjectMapping: 0.097055 ms MarkObjects: 2.094794 ms  DeleteObjects: 0.073443 ms)

========================================================================
Received Prepare
Registering precompiled user dll's ...
Registered in 0.000822 seconds.
Begin MonoManager ReloadAssembly
Native extension for Lumin target not found
Native extension for LinuxStandalone target not found
Native extension for WindowsStandalone target not found
Native extension for OSXStandalone target not found
Native extension for WebGL target not found
Refreshing native plugins compatible for Editor in 0.77 ms, found 1 plugins.
Preloading 0 native plugins for Editor in 0.00 ms.
Mono: successfully reloaded assembly
- Completed reload, in  2.519 seconds
Platform modules already initialized, skipping
Refreshing native plugins compatible for Editor in 0.29 ms, found 1 plugins.
Preloading 0 native plugins for Editor in 0.00 ms.
Unloading 1416 Unused Serialized files (Serialized files now loaded: 0)
System memory in use before: 164.7 MB.
System memory in use after: 164.7 MB.

Unloading 5 unused Assets to reduce memory usage. Loaded Objects now: 1909.
Total: 2.548193 ms (FindLiveObjects: 0.294748 ms CreateObjectMapping: 0.074167 ms MarkObjects: 2.090492 ms  DeleteObjects: 0.087406 ms)

========================================================================
Received Prepare
Registering precompiled user dll's ...
Registered in 0.000554 seconds.
Begin MonoManager ReloadAssembly
Native extension for Lumin target not found
Native extension for LinuxStandalone target not found
Native extension for WindowsStandalone target not found
Native extension for OSXStandalone target not found
Native extension for WebGL target not found
Refreshing native plugins compatible for Editor in 0.30 ms, found 1 plugins.
Preloading 0 native plugins for Editor in 0.00 ms.
Mono: successfully reloaded assembly
- Completed reload, in  1.335 seconds
Platform modules already initialized, skipping
Refreshing native plugins compatible for Editor in 0.31 ms, found 1 plugins.
Preloading 0 native plugins for Editor in 0.00 ms.
Unloading 1416 Unused Serialized files (Serialized files now loaded: 0)
System memory in use before: 164.9 MB.
System memory in use after: 164.9 MB.

Unloading 5 unused Assets to reduce memory usage. Loaded Objects now: 1912.
Total: 2.899122 ms (FindLiveObjects: 0.351856 ms CreateObjectMapping: 0.080763 ms MarkObjects: 2.372092 ms  DeleteObjects: 0.092410 ms)

========================================================================
Received Prepare
Registering precompiled user dll's ...
Registered in 0.000615 seconds.
Begin MonoManager ReloadAssembly
Native extension for Lumin target not found
Native extension for LinuxStandalone target not found
Native extension for WindowsStandalone target not found
Native extension for OSXStandalone target not found
Native extension for WebGL target not found
Refreshing native plugins compatible for Editor in 0.46 ms, found 1 plugins.
Preloading 0 native plugins for Editor in 0.00 ms.
Mono: successfully reloaded assembly
- Completed reload, in  2.014 seconds
Platform modules already initialized, skipping
Refreshing native plugins compatible for Editor in 0.32 ms, found 1 plugins.
Preloading 0 native plugins for Editor in 0.00 ms.
Unloading 1416 Unused Serialized files (Serialized files now loaded: 0)
System memory in use before: 165.1 MB.
System memory in use after: 165.1 MB.

Unloading 5 unused Assets to reduce memory usage. Loaded Objects now: 1915.
Total: 2.144720 ms (FindLiveObjects: 0.283844 ms CreateObjectMapping: 0.047378 ms MarkObjects: 1.740802 ms  DeleteObjects: 0.071398 ms)

========================================================================
Received Prepare
Registering precompiled user dll's ...
Registered in 0.000681 seconds.
Begin MonoManager ReloadAssembly
Native extension for Lumin target not found
Native extension for LinuxStandalone target not found
Native extension for WindowsStandalone target not found
Native extension for OSXStandalone target not found
Native extension for WebGL target not found
Refreshing native plugins compatible for Editor in 0.73 ms, found 1 plugins.
Preloading 0 native plugins for Editor in 0.00 ms.
Mono: successfully reloaded assembly
- Completed reload, in  2.359 seconds
Platform modules already initialized, skipping
Refreshing native plugins compatible for Editor in 0.36 ms, found 1 plugins.
Preloading 0 native plugins for Editor in 0.00 ms.
Unloading 1416 Unused Serialized files (Serialized files now loaded: 0)
System memory in use before: 165.3 MB.
System memory in use after: 165.4 MB.

Unloading 5 unused Assets to reduce memory usage. Loaded Objects now: 1918.
Total: 4.205986 ms (FindLiveObjects: 0.556258 ms CreateObjectMapping: 0.146697 ms MarkObjects: 3.394272 ms  DeleteObjects: 0.104501 ms)

